This is XeTeX, Version 3.141592653-2.6-0.999998 (TeX Live 2026) (preloaded format=xelatex 2026.5.4)  5 MAY 2026 12:38
entering extended mode
 restricted \write18 enabled.
 %&-line parsing enabled.
**main.tex
(./main.tex
LaTeX2e <2025-11-01>
L3 programming layer <2026-01-19>
(./ceid-thesis-xe.cls

LaTeX Warning: You have requested document class `ceid-thesis-xe',
               but the document class provides `ceid-thesis'.

Document Class: ceid-thesis 2014/10/25 1.0 LaTeX document class.
(/usr/local/texlive/2026basic/texmf-dist/tex/latex/base/ifthen.sty
Package: ifthen 2024/03/16 v1.1e Standard LaTeX ifthen package (DPC)
)
(/usr/local/texlive/2026basic/texmf-dist/tex/latex/graphics/graphicx.sty
Package: graphicx 2024/12/31 v1.2e Enhanced LaTeX Graphics (DPC,SPQR)

(/usr/local/texlive/2026basic/texmf-dist/tex/latex/graphics/keyval.sty
Package: keyval 2022/05/29 v1.15 key=value parser (DPC)
\KV@toks@=\toks17
)
(/usr/local/texlive/2026basic/texmf-dist/tex/latex/graphics/graphics.sty
Package: graphics 2024/08/06 v1.4g Standard LaTeX Graphics (DPC,SPQR)

(/usr/local/texlive/2026basic/texmf-dist/tex/latex/graphics/trig.sty
Package: trig 2023/12/02 v1.11 sin cos tan (DPC)
)
(/usr/local/texlive/2026basic/texmf-dist/tex/latex/graphics-cfg/graphics.cfg
File: graphics.cfg 2016/06/04 v1.11 sample graphics configuration
)
Package graphics Info: Driver file: xetex.def on input line 106.

(/usr/local/texlive/2026basic/texmf-dist/tex/latex/graphics-def/xetex.def
File: xetex.def 2025/11/01 v5.0p Graphics/color driver for xetex
))
\Gin@req@height=\dimen148
\Gin@req@width=\dimen149
)
(/usr/local/texlive/2026basic/texmf-dist/tex/latex/amsmath/amsmath.sty
Package: amsmath 2025/07/09 v2.17z AMS math features
\@mathmargin=\skip49

For additional information on amsmath, use the `?' option.
(/usr/local/texlive/2026basic/texmf-dist/tex/latex/amsmath/amstext.sty
Package: amstext 2024/11/17 v2.01 AMS text

(/usr/local/texlive/2026basic/texmf-dist/tex/latex/amsmath/amsgen.sty
File: amsgen.sty 1999/11/30 v2.0 generic functions
\@emptytoks=\toks18
\ex@=\dimen150
))
(/usr/local/texlive/2026basic/texmf-dist/tex/latex/amsmath/amsbsy.sty
Package: amsbsy 1999/11/29 v1.2d Bold Symbols
\pmbraise@=\dimen151
)
(/usr/local/texlive/2026basic/texmf-dist/tex/latex/amsmath/amsopn.sty
Package: amsopn 2022/04/08 v2.04 operator names
)
\inf@bad=\count271
LaTeX Info: Redefining \frac on input line 233.
\uproot@=\count272
\leftroot@=\count273
LaTeX Info: Redefining \overline on input line 398.
LaTeX Info: Redefining \colon on input line 409.
\classnum@=\count274
\DOTSCASE@=\count275
LaTeX Info: Redefining \ldots on input line 495.
LaTeX Info: Redefining \dots on input line 498.
LaTeX Info: Redefining \cdots on input line 619.
\Mathstrutbox@=\box53
\strutbox@=\box54
LaTeX Info: Redefining \big on input line 721.
LaTeX Info: Redefining \Big on input line 722.
LaTeX Info: Redefining \bigg on input line 723.
LaTeX Info: Redefining \Bigg on input line 724.
\big@size=\dimen152
LaTeX Font Info:    Redeclaring font encoding OML on input line 742.
LaTeX Font Info:    Redeclaring font encoding OMS on input line 743.
\macc@depth=\count276
LaTeX Info: Redefining \bmod on input line 904.
LaTeX Info: Redefining \pmod on input line 909.
LaTeX Info: Redefining \smash on input line 939.
LaTeX Info: Redefining \relbar on input line 969.
LaTeX Info: Redefining \Relbar on input line 970.
\c@MaxMatrixCols=\count277
\dotsspace@=\muskip17
\c@parentequation=\count278
\dspbrk@lvl=\count279
\tag@help=\toks19
\row@=\count280
\column@=\count281
\maxfields@=\count282
\andhelp@=\toks20
\eqnshift@=\dimen153
\alignsep@=\dimen154
\tagshift@=\dimen155
\tagwidth@=\dimen156
\totwidth@=\dimen157
\lineht@=\dimen158
\@envbody=\toks21
\multlinegap=\skip50
\multlinetaggap=\skip51
\mathdisplay@stack=\toks22
LaTeX Info: Redefining \[ on input line 2950.
LaTeX Info: Redefining \] on input line 2951.
)
(/usr/local/texlive/2026basic/texmf-dist/tex/latex/fancyhdr/fancyhdr.sty
Package: fancyhdr 2025/02/07 v5.2 Extensive control of page headers and footers

\f@nch@headwidth=\skip52
\f@nch@offset@elh=\skip53
\f@nch@offset@erh=\skip54
\f@nch@offset@olh=\skip55
\f@nch@offset@orh=\skip56
\f@nch@offset@elf=\skip57
\f@nch@offset@erf=\skip58
\f@nch@offset@olf=\skip59
\f@nch@offset@orf=\skip60
\f@nch@height=\skip61
\f@nch@footalignment=\skip62
\f@nch@widthL=\skip63
\f@nch@widthC=\skip64
\f@nch@widthR=\skip65
\@temptokenb=\toks23
)
(/usr/local/texlive/2026basic/texmf-dist/tex/latex/base/book.cls
Document Class: book 2025/01/22 v1.4n Standard LaTeX document class
(/usr/local/texlive/2026basic/texmf-dist/tex/latex/base/bk11.clo
File: bk11.clo 2025/01/22 v1.4n Standard LaTeX file (size option)
)
\c@part=\count283
\c@chapter=\count284
\c@section=\count285
\c@subsection=\count286
\c@subsubsection=\count287
\c@paragraph=\count288
\c@subparagraph=\count289
\c@figure=\count290
\c@table=\count291
\abovecaptionskip=\skip66
\belowcaptionskip=\skip67
\bibindent=\dimen159
))
(/usr/local/texlive/2026basic/texmf-dist/tex/latex/fontspec/fontspec.sty
(/usr/local/texlive/2026basic/texmf-dist/tex/latex/l3packages/xparse/xparse.sty
(/usr/local/texlive/2026basic/texmf-dist/tex/latex/l3kernel/expl3.sty
Package: expl3 2026-01-19 L3 programming layer (loader) 

(/usr/local/texlive/2026basic/texmf-dist/tex/latex/l3backend/l3backend-xetex.de
f
File: l3backend-xetex.def 2025-10-09 L3 backend support: XeTeX
\g__graphics_track_int=\count292
\g__pdfannot_backend_int=\count293
\g__pdfannot_backend_link_int=\count294
))
Package: xparse 2025-10-09 L3 Experimental document command parser
)
Package: fontspec 2025/09/29 v2.9g Font selection for XeLaTeX and LuaLaTeX

(/usr/local/texlive/2026basic/texmf-dist/tex/latex/fontspec/fontspec-xetex.sty
Package: fontspec-xetex 2025/09/29 v2.9g Font selection for XeLaTeX and LuaLaTe
X
\l__fontspec_script_int=\count295
\l__fontspec_language_int=\count296
\l__fontspec_strnum_int=\count297
\l__fontspec_tmp_int=\count298
\l__fontspec_tmpa_int=\count299
\l__fontspec_tmpb_int=\count300
\l__fontspec_tmpc_int=\count301
\l__fontspec_em_int=\count302
\l__fontspec_emdef_int=\count303
\l__fontspec_strong_int=\count304
\l__fontspec_strongdef_int=\count305
\l__fontspec_tmpa_dim=\dimen160
\l__fontspec_tmpb_dim=\dimen161
\l__fontspec_tmpc_dim=\dimen162

(/usr/local/texlive/2026basic/texmf-dist/tex/latex/base/fontenc.sty
Package: fontenc 2025/07/18 v2.1d Standard LaTeX package
)
(/usr/local/texlive/2026basic/texmf-dist/tex/latex/fontspec/fontspec.cfg)))

Package fontspec Info: 
(fontspec)             Font family 'LibertinusSerif-Regular(0)' created for
(fontspec)             font 'LibertinusSerif-Regular' with options
(fontspec)             [Ligatures=TeX,Extension=.otf,BoldFont=LibertinusSerif-B
old,ItalicFont=LibertinusSerif-Italic,BoldItalicFont=LibertinusSerif-BoldItalic
].
(fontspec)              
(fontspec)              This font family consists of the following NFSS
(fontspec)             series/shapes:
(fontspec)              
(fontspec)             - 'normal' (m/n) with NFSS spec.:
(fontspec)             <->"[LibertinusSerif-Regular.otf]/OT:script=latn;languag
e=dflt;mapping=tex-text;"
(fontspec)             - 'small caps'  (m/sc) with NFSS spec.:
(fontspec)             <->"[LibertinusSerif-Regular.otf]/OT:script=latn;languag
e=dflt;+smcp;mapping=tex-text;"
(fontspec)             - 'bold' (b/n) with NFSS spec.:
(fontspec)             <->"[LibertinusSerif-Bold.otf]/OT:script=latn;language=d
flt;mapping=tex-text;"
(fontspec)             - 'bold small caps'  (b/sc) with NFSS spec.:
(fontspec)             <->"[LibertinusSerif-Bold.otf]/OT:script=latn;language=d
flt;+smcp;mapping=tex-text;"
(fontspec)             - 'italic' (m/it) with NFSS spec.:
(fontspec)             <->"[LibertinusSerif-Italic.otf]/OT:script=latn;language
=dflt;mapping=tex-text;"
(fontspec)             - 'italic small caps'  (m/scit) with NFSS spec.:
(fontspec)             <->"[LibertinusSerif-Italic.otf]/OT:script=latn;language
=dflt;+smcp;mapping=tex-text;"
(fontspec)             - 'bold italic' (b/it) with NFSS spec.:
(fontspec)             <->"[LibertinusSerif-BoldItalic.otf]/OT:script=latn;lang
uage=dflt;mapping=tex-text;"
(fontspec)             - 'bold italic small caps'  (b/scit) with NFSS spec.:
(fontspec)             <->"[LibertinusSerif-BoldItalic.otf]/OT:script=latn;lang
uage=dflt;+smcp;mapping=tex-text;"


Package fontspec Info: 
(fontspec)             Font family 'LibertinusSans-Regular(0)' created for
(fontspec)             font 'LibertinusSans-Regular' with options
(fontspec)             [Ligatures=TeX,Extension=.otf,BoldFont=LibertinusSans-Bo
ld,ItalicFont=LibertinusSans-Italic].
(fontspec)              
(fontspec)              This font family consists of the following NFSS
(fontspec)             series/shapes:
(fontspec)              
(fontspec)             - 'normal' (m/n) with NFSS spec.:
(fontspec)             <->"[LibertinusSans-Regular.otf]/OT:script=latn;language
=dflt;mapping=tex-text;"
(fontspec)             - 'small caps'  (m/sc) with NFSS spec.:
(fontspec)             <->"[LibertinusSans-Regular.otf]/OT:script=latn;language
=dflt;+smcp;mapping=tex-text;"
(fontspec)             - 'bold' (b/n) with NFSS spec.:
(fontspec)             <->"[LibertinusSans-Bold.otf]/OT:script=latn;language=df
lt;mapping=tex-text;"
(fontspec)             - 'bold small caps'  (b/sc) with NFSS spec.:
(fontspec)             <->"[LibertinusSans-Bold.otf]/OT:script=latn;language=df
lt;+smcp;mapping=tex-text;"
(fontspec)             - 'italic' (m/it) with NFSS spec.:
(fontspec)             <->"[LibertinusSans-Italic.otf]/OT:script=latn;language=
dflt;mapping=tex-text;"
(fontspec)             - 'italic small caps'  (m/scit) with NFSS spec.:
(fontspec)             <->"[LibertinusSans-Italic.otf]/OT:script=latn;language=
dflt;+smcp;mapping=tex-text;"


Package fontspec Info: 
(fontspec)             Font family 'FreeMono(0)' created for font 'FreeMono'
(fontspec)             with options
(fontspec)             [WordSpace={1,0,0},HyphenChar=None,PunctuationSpace=Word
Space,ItalicFont=FreeMonoOblique,BoldFont=FreeMonoBold,BoldItalicFont=FreeMonoB
oldOblique].
(fontspec)              
(fontspec)              This font family consists of the following NFSS
(fontspec)             series/shapes:
(fontspec)              
(fontspec)             - 'normal' (m/n) with NFSS spec.:
(fontspec)             <->"FreeMono/OT:script=latn;language=dflt;"
(fontspec)             - 'bold' (b/n) with NFSS spec.:
(fontspec)             <->"FreeMonoBold/OT:script=latn;language=dflt;"
(fontspec)             - 'italic' (m/it) with NFSS spec.:
(fontspec)             <->"FreeMonoOblique/OT:script=latn;language=dflt;"
(fontspec)             - 'bold italic' (b/it) with NFSS spec.:
(fontspec)             <->"FreeMonoBoldOblique/OT:script=latn;language=dflt;"


(/usr/local/texlive/2026basic/texmf-dist/tex/latex/polyglossia/polyglossia.sty
Package: polyglossia 2025/12/01 v2.9 Modern multilingual typesetting with XeLaT
eX and LuaLaTeX

(/usr/local/texlive/2026basic/texmf-dist/tex/latex/etoolbox/etoolbox.sty
Package: etoolbox 2025/10/02 v2.5m e-TeX tools for LaTeX (JAW)
\etb@tempcnta=\count306
)
(/usr/local/texlive/2026basic/texmf-dist/tex/generic/iftex/iftex.sty
Package: iftex 2024/12/12 v1.0g TeX engine tests
)
\l_xpg_alias_keyvals_int=\count307

(/usr/local/texlive/2026basic/texmf-dist/tex/latex/polyglossia/gloss-latex.ldf
File: gloss-latex.ldf polyglossia: module for default language
))
(/usr/local/texlive/2026basic/texmf-dist/tex/latex/polyglossia/gloss-greek.ldf
File: gloss-greek.ldf polyglossia: module for Greek

(/usr/local/texlive/2026basic/texmf-dist/tex/latex/polyglossia/xgreek-fixes.def
)
\@attic@num=\count308
)

Package polyglossia Info: Default language is greek


(/usr/local/texlive/2026basic/texmf-dist/tex/latex/polyglossia/gloss-english.ld
f
File: gloss-english.ldf polyglossia: module for English
) (/usr/local/texlive/2026basic/texmf-dist/tex/latex/xurl/xurl.sty
Package: xurl 2022/01/09 v 0.10 modify URL breaks

(/usr/local/texlive/2026basic/texmf-dist/tex/latex/url/url.sty
\Urlmuskip=\muskip18
Package: url 2013/09/16  ver 3.4  Verb mode for urls, etc.
))
(/usr/local/texlive/2026basic/texmf-dist/tex/latex/tools/longtable.sty
Package: longtable 2025-10-13 v4.24 Multi-page Table package (DPC)
\LTleft=\skip68
\LTright=\skip69
\LTpre=\skip70
\LTpost=\skip71
\LTchunksize=\count309
\LTcapwidth=\dimen163
\LT@head=\box55
\LT@firsthead=\box56
\LT@foot=\box57
\LT@lastfoot=\box58
\LT@gbox=\box59
\LT@cols=\count310
\LT@rows=\count311
\c@LT@tables=\count312
\c@LT@chunks=\count313
\LT@p@ftn=\toks24
)
(/usr/local/texlive/2026basic/texmf-dist/tex/latex/booktabs/booktabs.sty
Package: booktabs 2020/01/12 v1.61803398 Publication quality tables
\heavyrulewidth=\dimen164
\lightrulewidth=\dimen165
\cmidrulewidth=\dimen166
\belowrulesep=\dimen167
\belowbottomsep=\dimen168
\aboverulesep=\dimen169
\abovetopsep=\dimen170
\cmidrulesep=\dimen171
\cmidrulekern=\dimen172
\defaultaddspace=\dimen173
\@cmidla=\count314
\@cmidlb=\count315
\@aboverulesep=\dimen174
\@belowrulesep=\dimen175
\@thisruleclass=\count316
\@lastruleclass=\count317
\@thisrulewidth=\dimen176
)
(/usr/local/texlive/2026basic/texmf-dist/tex/latex/tools/array.sty
Package: array 2025/09/25 v2.6n Tabular extension package (FMi)
\col@sep=\dimen177
\ar@mcellbox=\box60
\extrarowheight=\dimen178
\NC@list=\toks25
\extratabsurround=\skip72
\backup@length=\skip73
\ar@cellbox=\box61
)
(/usr/local/texlive/2026basic/texmf-dist/tex/latex/tools/calc.sty
Package: calc 2025/03/01 v4.3b Infix arithmetic (KKT,FJ)
\calc@Acount=\count318
\calc@Bcount=\count319
\calc@Adimen=\dimen179
\calc@Bdimen=\dimen180
\calc@Askip=\skip74
\calc@Bskip=\skip75
LaTeX Info: Redefining \setlength on input line 86.
LaTeX Info: Redefining \addtolength on input line 87.
\calc@Ccount=\count320
\calc@Cskip=\skip76
)
(/usr/local/texlive/2026basic/texmf-dist/tex/latex/graphics/color.sty
Package: color 2025/01/14 v1.3e Standard LaTeX Color (DPC)

(/usr/local/texlive/2026basic/texmf-dist/tex/latex/graphics-cfg/color.cfg
File: color.cfg 2016/01/02 v1.6 sample color configuration
)
Package color Info: Driver file: xetex.def on input line 149.

(/usr/local/texlive/2026basic/texmf-dist/tex/latex/graphics/mathcolor.ltx))
(/usr/local/texlive/2026basic/texmf-dist/tex/latex/fancyvrb/fancyvrb.sty
Package: fancyvrb 2025/07/28 4.6 verbatim text (tvz,hv)
\FV@CodeLineNo=\count321
\FV@InFile=\read2
\FV@TabBox=\box62
\c@FancyVerbLine=\count322
\FV@StepNumber=\count323
\FV@OutFile=\write3
)
(/usr/local/texlive/2026basic/texmf-dist/tex/latex/framed/framed.sty
Package: framed 2011/10/22 v 0.96: framed or shaded text with page breaks
\OuterFrameSep=\skip77
\fb@frw=\dimen181
\fb@frh=\dimen182
\FrameRule=\dimen183
\FrameSep=\dimen184
)

Package fontspec Info: 
(fontspec)             Font family 'LibertinusSerif-Regular(1)' created for
(fontspec)             font 'LibertinusSerif-Regular' with options
(fontspec)             [Ligatures=TeX,Extension=.otf,BoldFont=LibertinusSerif-B
old,ItalicFont=LibertinusSerif-Italic,BoldItalicFont=LibertinusSerif-BoldItalic
,Script=Greek].
(fontspec)              
(fontspec)              This font family consists of the following NFSS
(fontspec)             series/shapes:
(fontspec)              
(fontspec)             - 'normal' (m/n) with NFSS spec.:
(fontspec)             <->"[LibertinusSerif-Regular.otf]/OT:script=grek;languag
e=dflt;mapping=tex-text;"
(fontspec)             - 'small caps'  (m/sc) with NFSS spec.:
(fontspec)             <->"[LibertinusSerif-Regular.otf]/OT:script=grek;languag
e=dflt;+smcp;mapping=tex-text;"
(fontspec)             - 'bold' (b/n) with NFSS spec.:
(fontspec)             <->"[LibertinusSerif-Bold.otf]/OT:script=grek;language=d
flt;mapping=tex-text;"
(fontspec)             - 'bold small caps'  (b/sc) with NFSS spec.:
(fontspec)             <->"[LibertinusSerif-Bold.otf]/OT:script=grek;language=d
flt;+smcp;mapping=tex-text;"
(fontspec)             - 'italic' (m/it) with NFSS spec.:
(fontspec)             <->"[LibertinusSerif-Italic.otf]/OT:script=grek;language
=dflt;mapping=tex-text;"
(fontspec)             - 'italic small caps'  (m/scit) with NFSS spec.:
(fontspec)             <->"[LibertinusSerif-Italic.otf]/OT:script=grek;language
=dflt;+smcp;mapping=tex-text;"
(fontspec)             - 'bold italic' (b/it) with NFSS spec.:
(fontspec)             <->"[LibertinusSerif-BoldItalic.otf]/OT:script=grek;lang
uage=dflt;mapping=tex-text;"
(fontspec)             - 'bold italic small caps'  (b/scit) with NFSS spec.:
(fontspec)             <->"[LibertinusSerif-BoldItalic.otf]/OT:script=grek;lang
uage=dflt;+smcp;mapping=tex-text;"



LaTeX Warning: Unused global option(s):
    [greek].

(./main.aux (./front_matter/abstract.aux) (./front_matter/acknowledgements.aux)
(./front_matter/prologue.aux))
\openout1 = `main.aux'.

LaTeX Font Info:    Checking defaults for OML/cmm/m/it on input line 138.
LaTeX Font Info:    ... okay on input line 138.
LaTeX Font Info:    Checking defaults for OMS/cmsy/m/n on input line 138.
LaTeX Font Info:    ... okay on input line 138.
LaTeX Font Info:    Checking defaults for OT1/cmr/m/n on input line 138.
LaTeX Font Info:    ... okay on input line 138.
LaTeX Font Info:    Checking defaults for T1/cmr/m/n on input line 138.
LaTeX Font Info:    ... okay on input line 138.
LaTeX Font Info:    Checking defaults for TS1/cmr/m/n on input line 138.
LaTeX Font Info:    ... okay on input line 138.
LaTeX Font Info:    Checking defaults for TU/lmr/m/n on input line 138.
LaTeX Font Info:    ... okay on input line 138.
LaTeX Font Info:    Checking defaults for OMX/cmex/m/n on input line 138.
LaTeX Font Info:    ... okay on input line 138.
LaTeX Font Info:    Checking defaults for U/cmr/m/n on input line 138.
LaTeX Font Info:    ... okay on input line 138.

Package fontspec Info: 
(fontspec)             Adjusting the maths setup (use [no-math] to avoid
(fontspec)             this).

\symlegacymaths=\mathgroup4
LaTeX Font Info:    Overwriting symbol font `legacymaths' in version `bold'
(Font)                  OT1/cmr/m/n --> OT1/cmr/bx/n on input line 138.
LaTeX Font Info:    Redeclaring math accent \acute on input line 138.
LaTeX Font Info:    Redeclaring math accent \grave on input line 138.
LaTeX Font Info:    Redeclaring math accent \ddot on input line 138.
LaTeX Font Info:    Redeclaring math accent \tilde on input line 138.
LaTeX Font Info:    Redeclaring math accent \bar on input line 138.
LaTeX Font Info:    Redeclaring math accent \breve on input line 138.
LaTeX Font Info:    Redeclaring math accent \check on input line 138.
LaTeX Font Info:    Redeclaring math accent \hat on input line 138.
LaTeX Font Info:    Redeclaring math accent \dot on input line 138.
LaTeX Font Info:    Redeclaring math accent \mathring on input line 138.
LaTeX Font Info:    Redeclaring math symbol \Gamma on input line 138.
LaTeX Font Info:    Redeclaring math symbol \Delta on input line 138.
LaTeX Font Info:    Redeclaring math symbol \Theta on input line 138.
LaTeX Font Info:    Redeclaring math symbol \Lambda on input line 138.
LaTeX Font Info:    Redeclaring math symbol \Xi on input line 138.
LaTeX Font Info:    Redeclaring math symbol \Pi on input line 138.
LaTeX Font Info:    Redeclaring math symbol \Sigma on input line 138.
LaTeX Font Info:    Redeclaring math symbol \Upsilon on input line 138.
LaTeX Font Info:    Redeclaring math symbol \Phi on input line 138.
LaTeX Font Info:    Redeclaring math symbol \Psi on input line 138.
LaTeX Font Info:    Redeclaring math symbol \Omega on input line 138.
LaTeX Font Info:    Redeclaring math symbol \mathdollar on input line 138.
LaTeX Font Info:    Redeclaring symbol font `operators' on input line 138.
LaTeX Font Info:    Encoding `OT1' has changed to `TU' for symbol font
(Font)              `operators' in the math version `normal' on input line 138.

LaTeX Font Info:    Overwriting symbol font `operators' in version `normal'
(Font)                  OT1/cmr/m/n --> TU/LibertinusSerif-Regular(0)/m/n on in
put line 138.
LaTeX Font Info:    Encoding `OT1' has changed to `TU' for symbol font
(Font)              `operators' in the math version `bold' on input line 138.
LaTeX Font Info:    Overwriting symbol font `operators' in version `bold'
(Font)                  OT1/cmr/bx/n --> TU/LibertinusSerif-Regular(0)/m/n on i
nput line 138.
LaTeX Font Info:    Overwriting symbol font `operators' in version `normal'
(Font)                  TU/LibertinusSerif-Regular(0)/m/n --> TU/LibertinusSeri
f-Regular(0)/m/n on input line 138.
LaTeX Font Info:    Overwriting math alphabet `\mathit' in version `normal'
(Font)                  OT1/cmr/m/it --> TU/LibertinusSerif-Regular(0)/m/it on 
input line 138.
LaTeX Font Info:    Overwriting math alphabet `\mathbf' in version `normal'
(Font)                  OT1/cmr/bx/n --> TU/LibertinusSerif-Regular(0)/b/n on i
nput line 138.
LaTeX Font Info:    Overwriting math alphabet `\mathsf' in version `normal'
(Font)                  OT1/cmss/m/n --> TU/LibertinusSans-Regular(0)/m/n on in
put line 138.
LaTeX Font Info:    Overwriting math alphabet `\mathtt' in version `normal'
(Font)                  OT1/cmtt/m/n --> TU/FreeMono(0)/m/n on input line 138.
LaTeX Font Info:    Overwriting symbol font `operators' in version `bold'
(Font)                  TU/LibertinusSerif-Regular(0)/m/n --> TU/LibertinusSeri
f-Regular(0)/b/n on input line 138.
LaTeX Font Info:    Overwriting math alphabet `\mathit' in version `bold'
(Font)                  OT1/cmr/bx/it --> TU/LibertinusSerif-Regular(0)/b/it on
 input line 138.
LaTeX Font Info:    Overwriting math alphabet `\mathsf' in version `bold'
(Font)                  OT1/cmss/bx/n --> TU/LibertinusSans-Regular(0)/b/n on i
nput line 138.
LaTeX Font Info:    Overwriting math alphabet `\mathtt' in version `bold'
(Font)                  OT1/cmtt/m/n --> TU/FreeMono(0)/b/n on input line 138.
File: static/figures/PatrasLogo.png Graphic file (type bmp)
<static/figures/PatrasLogo.png>
 [1


] [2

]
File: static/figures/PatrasLogo.png Graphic file (type bmp)
<static/figures/PatrasLogo.png>
 [3] [4]
File: static/figures/PatrasLogo.png Graphic file (type bmp)
<static/figures/PatrasLogo.png>
 [5

] [6

]
\openout2 = `front_matter/abstract.aux'.


(./front_matter/abstract.tex [1


] [2

]
Underfull \hbox (badness 1028) in paragraph at lines 22--23
\TU/LibertinusSerif-Regular(0)/m/n/10.95 Extreme Programming practices: pair pr
ogramming, test-driven development, continuous
 []

) [3]
\openout2 = `front_matter/acknowledgements.aux'.

 (./front_matter/acknowledgements.tex [4




]) [5]
\openout2 = `front_matter/prologue.aux'.


(./front_matter/prologue.tex [6




]) [7] [8



] (./main.toc [9]
Underfull \vbox (badness 4739) has occurred while \output is active []

LaTeX Font Info:    Font shape `TU/LibertinusSerif-Regular(1)/m/sl' in size <10
.95> not available
(Font)              Font shape `TU/LibertinusSerif-Regular(1)/m/it' tried inste
ad on input line 79.
 [10]
[11] [12]
Underfull \vbox (badness 4739) has occurred while \output is active []

 [13]
Underfull \vbox (badness 4739) has occurred while \output is active []

 [14]
Underfull \vbox (badness 4739) has occurred while \output is active []

 [15])
\tf@toc=\write4
\openout4 = `main.toc'.


[16] (./main.lof)
\tf@lof=\write5
\openout5 = `main.lof'.

 [17

] [18

] (./body.tex
Underfull \vbox (badness 10000) has occurred while \output is active []

 [1

]
LaTeX Font Info:    Font shape `TU/LibertinusSerif-Regular(0)/m/sl' in size <10
.95> not available
(Font)              Font shape `TU/LibertinusSerif-Regular(0)/m/it' tried inste
ad on input line 105.

[2] [3]
Underfull \hbox (badness 4454) in paragraph at lines 167--172
[]\TU/LibertinusSerif-Regular(1)/b/n/10.95 Κεφάλαιο 8 — Τεχνολογίες \TU/Liberti
nusSerif-Regular(1)/m/n/10.95 παρουσιάζει αναλυτικά τις τεχνολογίες της πλατφόρ
-
 []


Underfull \hbox (badness 2547) in paragraph at lines 167--172
\TU/LibertinusSerif-Regular(1)/m/n/10.95 μας: BEAM/Elixir, Phoenix/LiveView, Po
stgreSQL/Ecto, Apache Kafka, Dremio, Microsoft
 []


Underfull \hbox (badness 6876) in paragraph at lines 167--172
\TU/LibertinusSerif-Regular(1)/m/n/10.95 Azure/Kubernetes, Terraform, Nix, Oban
, Commanded/EventStore και το σύνολο του
 []


Package fontspec Info: 
(fontspec)             Font family 'FreeMono(1)' created for font 'FreeMono'
(fontspec)             with options
(fontspec)             [WordSpace={1,0,0},HyphenChar=None,PunctuationSpace=Word
Space,ItalicFont=FreeMonoOblique,BoldFont=FreeMonoBold,BoldItalicFont=FreeMonoB
oldOblique,Script=Greek].
(fontspec)              
(fontspec)              This font family consists of the following NFSS
(fontspec)             series/shapes:
(fontspec)              
(fontspec)             - 'normal' (m/n) with NFSS spec.:
(fontspec)             <->"FreeMono/OT:script=grek;language=dflt;"
(fontspec)             - 'bold' (b/n) with NFSS spec.:
(fontspec)             <->"FreeMonoBold/OT:script=grek;language=dflt;"
(fontspec)             - 'italic' (m/it) with NFSS spec.:
(fontspec)             <->"FreeMonoOblique/OT:script=grek;language=dflt;"
(fontspec)             - 'bold italic' (b/it) with NFSS spec.:
(fontspec)             <->"FreeMonoBoldOblique/OT:script=grek;language=dflt;"


Underfull \vbox (badness 10000) has occurred while \output is active []

 [4]
Underfull \hbox (badness 2096) in paragraph at lines 220--230
[]\TU/LibertinusSerif-Regular(1)/m/n/10.95 Ο όμιλος δραστηριοποιείται σε τέσσερ
ις βασικούς τομείς: \TU/LibertinusSerif-Regular(1)/b/n/10.95 Ocean \TU/Libertin
usSerif-Regular(1)/m/n/10.95 (ναυτιλία κοντέινερ),
 []

[5

] [6] [7] [8]
Underfull \hbox (badness 3919) in paragraph at lines 448--451
[]\TU/LibertinusSerif-Regular(1)/m/n/10.95 Στο διεθνές επίπεδο, η \TU/Libertinu
sSerif-Regular(1)/b/n/10.95 Επιτροπή Προστασίας Θαλάσσιου Περιβάλλοντος \TU/Lib
ertinusSerif-Regular(1)/m/n/10.95 (\TU/LibertinusSerif-Regular(1)/m/it/10.95 Ma
rine
 []


Underfull \hbox (badness 4254) in paragraph at lines 471--480
[]\TU/LibertinusSerif-Regular(1)/m/n/10.95 Πέραν των υποχρεωτικών κανονισμών, η
 Maersk συμμετέχει εθελοντικά στο \TU/LibertinusSerif-Regular(1)/b/n/10.95 Carb
on
 []


Underfull \hbox (badness 1442) in paragraph at lines 471--480
\TU/LibertinusSerif-Regular(1)/m/n/10.95 σύστημα αποκάλυψης περιβαλλοντικών δεδ
ομένων παγκοσμίως, καθώς και στο \TU/LibertinusSerif-Regular(1)/b/n/10.95 GRESB

 []

[9]
Underfull \hbox (badness 1824) in paragraph at lines 536--540
[]\TU/LibertinusSerif-Regular(1)/b/n/10.95 Χειρωνακτική εξαγωγή δεδομένων αποστ
ολών\TU/LibertinusSerif-Regular(1)/m/n/10.95 : Μέλος της ομάδας Emissions
 []


Underfull \hbox (badness 3568) in paragraph at lines 536--540
\TU/LibertinusSerif-Regular(1)/m/n/10.95 Reporting εξάγει χειρωνακτικά τα σχετι
κά δεδομένα αποστολών από εσωτερικά
 []

[10] [11]
ignored: Infinite glue shrinkage found in box being split [12]
Underfull \vbox (badness 10000) has occurred while \output is active []

 [13]
[14]
Underfull \vbox (badness 10000) has occurred while \output is active []

 [15]
[16

]
Underfull \hbox (badness 1308) in paragraph at lines 778--791
\TU/LibertinusSerif-Regular(1)/m/n/10.95 σήμερα την καθιερωμένη αναφορά για ετα
ιρικές απογραφές αερίων ΘΚ [GHG Protocol
 []

[17]
File: ./Carbon_Accounting_Scopes.png Graphic file (type bmp)
<./Carbon_Accounting_Scopes.png>

Underfull \vbox (badness 2726) has occurred while \output is active []

 [18]
Underfull \vbox (badness 10000) has occurred while \output is active []

 [19]
[20]
Underfull \hbox (badness 2293) in paragraph at lines 961--965
[]\TU/LibertinusSerif-Regular(1)/b/n/10.95 Κατανάλωση καυσίμου \TU/LibertinusSe
rif-Regular(1)/m/n/10.95 (τόνοι καυσίμου) × \TU/LibertinusSerif-Regular(1)/b/n/
10.95 συντελεστής εκπομπών καυσίμου
 []


Underfull \vbox (badness 5077) has occurred while \output is active []

 [21]
[22] [23]
Underfull \hbox (badness 2828) in paragraph at lines 1130--1135
[]\TU/LibertinusSerif-Regular(1)/b/n/10.95 Πιστοποιητικά Ανανεώσιμης Ενέργειας 
\TU/LibertinusSerif-Regular(1)/m/n/10.95 (\TU/LibertinusSerif-Regular(1)/m/it/1
0.95 Renewable Energy Certificates\TU/LibertinusSerif-Regular(1)/m/n/10.95 , RE
Cs /
 []

[24] [25]
Underfull \hbox (badness 10000) in paragraph at lines 1247--1253
[]\TU/LibertinusSerif-Regular(1)/m/n/10.95 Το \TU/LibertinusSerif-Regular(1)/b/
n/10.95 ISO 14001 \TU/LibertinusSerif-Regular(1)/m/n/10.95 είναι διεθνές πρότυπ
ο για συστήματα περιβαλλοντικής διαχείρισης
 []


Underfull \hbox (badness 2150) in paragraph at lines 1247--1253
\TU/LibertinusSerif-Regular(1)/m/n/10.95 (\TU/LibertinusSerif-Regular(1)/m/it/1
0.95 Environmental Management System\TU/LibertinusSerif-Regular(1)/m/n/10.95 , 
EMS), το οποίο ορίζει πλαίσιο για τον εντοπισμό,
 []


Overfull \hbox (37.57729pt too wide) in alignment at lines 1264--1274
 [] [] [] 
 []


Overfull \hbox (37.57729pt too wide) in alignment at lines 1274--1276
 [] [] [] 
 []

[26]

Package longtable Warning: Column widths have changed
(longtable)                in longtable 0 on input line 1289.


Underfull \hbox (badness 3965) in paragraph at lines 1307--1311
[]\TU/LibertinusSerif-Regular(1)/m/n/10.95 [GHG Protocol Corporate Standard, 20
04] World Resources Institute & WBCSD.
 []


Underfull \hbox (badness 2197) in paragraph at lines 1307--1311
\TU/LibertinusSerif-Regular(1)/m/it/10.95 A Corporate Accounting and Reporting 
Standard\TU/LibertinusSerif-Regular(1)/m/n/10.95 , Revised Edition. Washington 
DC:
 []

[27]
Underfull \hbox (badness 1796) in paragraph at lines 1329--1334
[]\TU/LibertinusSerif-Regular(1)/m/n/10.95 [CEN EN 16258, 2012] European Commit
tee for Standardization. \TU/LibertinusSerif-Regular(1)/m/it/10.95 EN 16258:201
2 —
 []


Underfull \hbox (badness 3148) in paragraph at lines 1334--1338
[]\TU/LibertinusSerif-Regular(1)/m/n/10.95 [ISCC System Document ISCC-203, 2023
] International Sustainability and Carbon
 []


Underfull \hbox (badness 2197) in paragraph at lines 1334--1338
\TU/LibertinusSerif-Regular(1)/m/n/10.95 Certification. \TU/LibertinusSerif-Reg
ular(1)/m/it/10.95 ISCC System Document ISCC-203: Requirements for the Supply C
hain\TU/LibertinusSerif-Regular(1)/m/n/10.95 .
 []


Underfull \vbox (badness 10000) has occurred while \output is active []

 [28]
[29

]
Underfull \hbox (badness 1931) in paragraph at lines 1450--1454
[]\TU/LibertinusSerif-Regular(1)/m/n/10.95 Πρακτικά, ο πυλώνας αυτός τροφοδοτεί
 τη βάση δεδομένων εκπομπών ανά αποστολή
 []

[30]
Underfull \vbox (badness 1924) has occurred while \output is active []

 [31]
Underfull \vbox (badness 10000) has occurred while \output is active []

 [32]
Underfull \vbox (badness 1259) has occurred while \output is active []

 [33]
Underfull \vbox (badness 10000) has occurred while \output is active []

 [34]
[35

]
Underfull \hbox (badness 10000) in paragraph at lines 1726--1728
[]\TU/FreeMono(1)/m/n/10.95 Infrastructure_GDA.Energy_Transition.NetZero.EU_ETS
.* \TU/LibertinusSerif-Regular(1)/m/n/10.95 — δεδο-
 []


Underfull \hbox (badness 1248) in paragraph at lines 1737--1742
\TU/LibertinusSerif-Regular(1)/m/n/10.95 Maersk. Προσπελαύνεται μέσω ODBC και π
εριέχει ιστορικά δεδομένα δρομολογίων που
 []

[36]
Underfull \hbox (badness 10000) in paragraph at lines 1778--1794
[]\TU/LibertinusSerif-Regular(1)/m/n/10.95 Αξίζει να σημειωθούν μερικές σχεδιασ
τικές επιλογές. Τα πεδία \TU/FreeMono(1)/m/n/10.95 container_size
 []


Underfull \hbox (badness 4940) in paragraph at lines 1778--1794
\TU/LibertinusSerif-Regular(1)/m/n/10.95 και \TU/FreeMono(1)/m/n/10.95 containe
r_type \TU/LibertinusSerif-Regular(1)/m/n/10.95 ορίζονται ως \TU/FreeMono(1)/m/
n/10.95 Ecto.Enum\TU/LibertinusSerif-Regular(1)/m/n/10.95 , εξασφαλίζοντας ότι 
μόνο επιτρε-
 []


Underfull \hbox (badness 3039) in paragraph at lines 1778--1794
\TU/LibertinusSerif-Regular(1)/m/n/10.95 πτές τιμές μπορούν να αποθηκευτούν — ο
ι επιτρεπτές τιμές ορίζονται δυναμικά από
 []


Underfull \hbox (badness 10000) in paragraph at lines 1778--1794
\TU/LibertinusSerif-Regular(1)/m/n/10.95 τα \TU/FreeMono(1)/m/n/10.95 Nrg.Ocean
.Container.sizes() \TU/LibertinusSerif-Regular(1)/m/n/10.95 και \TU/FreeMono(1)
/m/n/10.95 Nrg.Ocean.Container.types()\TU/LibertinusSerif-Regular(1)/m/n/10.95 
.
 []


Underfull \hbox (badness 2393) in paragraph at lines 1778--1794
\TU/LibertinusSerif-Regular(1)/m/n/10.95 Το πεδίο \TU/FreeMono(1)/m/n/10.95 mis
sing_in_dremio \TU/LibertinusSerif-Regular(1)/m/n/10.95 αποτελεί σήμα ποιότητας
 δεδομένων: αν μια κίνηση
 []


Underfull \hbox (badness 1609) in paragraph at lines 1778--1794
\TU/LibertinusSerif-Regular(1)/m/n/10.95 δεν βρεθεί στο Dremio, σημαίνεται ώστε
 να μη συμπεριληφθεί σε υπολογισμούς εκπο-
 []


Underfull \hbox (badness 3977) in paragraph at lines 1778--1794
\TU/LibertinusSerif-Regular(1)/m/n/10.95 μπών χωρίς χειροκίνητη αναθεώρηση. Τα 
πεδία \TU/FreeMono(1)/m/n/10.95 port_of_receipt_location \TU/LibertinusSerif-Re
gular(1)/m/n/10.95 και
 []


Underfull \hbox (badness 10000) in paragraph at lines 1778--1794
\TU/LibertinusSerif-Regular(1)/m/n/10.95 Τέλος, οι συσχετίσεις \TU/FreeMono(1)/
m/n/10.95 belongs_to(:customer) \TU/LibertinusSerif-Regular(1)/m/n/10.95 και \T
U/FreeMono(1)/m/n/10.95 belongs_to(:shipment)
 []


Underfull \vbox (badness 10000) has occurred while \output is active []

 [37]

! Package polyglossia Error: The current main monospace font, FreeMono Bold,
(polyglossia)                does not contain the "Greek" script!
(polyglossia)                Please define \greekfonttt with \newfontfamily
(polyglossia)                command

Type <return> to continue.
 ...                                              
                                                  
l.1804 ...ρχιτεκτονική GenServer με \texttt{:pg}.}
                                                   Το

LaTeX does not know anything more about this error, sorry.

Try typing <return> to proceed.
If that doesn't work, type X <return> to quit.



Overfull \hbox (0.72765pt too wide) in paragraph at lines 1804--1812
[]\TU/LibertinusSerif-Regular(1)/b/n/10.95 Αρχιτεκτονική GenServer με \TU/FreeM
ono(0)/b/n/10.95 :pg\TU/LibertinusSerif-Regular(1)/b/n/10.95 . \TU/LibertinusSe
rif-Regular(1)/m/n/10.95 Το \TU/FreeMono(1)/m/n/10.95 OceanApi.VesselApi \TU/Li
bertinusSerif-Regular(1)/m/n/10.95 υλοποιείται ως \TU/FreeMono(1)/m/n/10.95 Gen
Server
 []


Underfull \hbox (badness 1122) in paragraph at lines 1826--1831
[]\TU/LibertinusSerif-Regular(1)/m/n/10.95 Κάθε \TU/FreeMono(1)/m/n/10.95 Vesse
l \TU/LibertinusSerif-Regular(1)/m/n/10.95 φέρει τουλάχιστον: αριθμό IMO, ονομα
σία πλοίου, καθεστώς ιδιοκτησίας
 []


Overfull \hbox (163.295pt too wide) in paragraph at lines 1826--1831
\TU/LibertinusSerif-Regular(1)/m/n/10.95 (\TU/LibertinusSerif-Regular(1)/m/it/1
0.95 ownership\TU/LibertinusSerif-Regular(1)/m/n/10.95 ), \TU/LibertinusSerif-R
egular(1)/m/it/10.95 flag state \TU/LibertinusSerif-Regular(1)/m/n/10.95 (σημαί
α) και κατάσταση. Η αντιστοίχηση με το \TU/FreeMono(1)/m/n/10.95 Bops.ExternalD
ataFeeds.RemainingFuelOnBoard
 []

[38] [39]
Overfull \hbox (131.65845pt too wide) in paragraph at lines 1946--1946
[]\TU/FreeMono(1)/m/n/10.95 συντελεστής = f(route_code, direction, container_si
ze, container_type, product, year)[] 
 []

[40]
Overfull \hbox (72.52847pt too wide) in paragraph at lines 1987--1987
[]\TU/FreeMono(1)/m/n/10.95 emissions_kg_ttw = loaded_ffe × ttw_factor(route, s
ize, type, product, year)[] 
 []


Overfull \hbox (72.52847pt too wide) in paragraph at lines 1987--1987
[]\TU/FreeMono(1)/m/n/10.95 emissions_kg_wtw = loaded_ffe × wtw_factor(route, s
ize, type, product, year)[] 
 []


Underfull \hbox (badness 7869) in paragraph at lines 1989--1994
[]\TU/LibertinusSerif-Regular(1)/m/n/10.95 Ο \TU/FreeMono(1)/m/n/10.95 Nrg.Ocea
n.Container.equivalent_container_size_for_co2e/1 \TU/LibertinusSerif-Regular(1)
/m/n/10.95 κανονι-
 []


Underfull \hbox (badness 3291) in paragraph at lines 2027--2039
\TU/LibertinusSerif-Regular(1)/m/n/10.95 χων που πρέπει όλοι να επιτύχουν· αν ο
ποιοσδήποτε αποτύχει, εκτελείται ο κλάδος
 []


Underfull \hbox (badness 10000) in paragraph at lines 2027--2039
\TU/FreeMono(1)/m/n/10.95 else \TU/LibertinusSerif-Regular(1)/m/n/10.95 με ακρι
βή αιτιολογία σφάλματος. Η κανονικοποίηση \TU/FreeMono(1)/m/n/10.95 String.down
case()
 []


Underfull \hbox (badness 2197) in paragraph at lines 2027--2039
\TU/LibertinusSerif-Regular(1)/m/n/10.95 στον \TU/FreeMono(1)/m/n/10.95 operato
r \TU/LibertinusSerif-Regular(1)/m/n/10.95 εξασφαλίζει consistency σε case-inse
nsitive αναζητήσεις αργότερα. Η
 []


Underfull \hbox (badness 4726) in paragraph at lines 2027--2039
\TU/LibertinusSerif-Regular(1)/m/n/10.95 μετατροπή \TU/FreeMono(1)/m/n/10.95 dr
emio_product_to_product/1 \TU/LibertinusSerif-Regular(1)/m/n/10.95 μεταφράζει τ
ους κωδικούς προϊόντων
 []


Underfull \hbox (badness 1377) in paragraph at lines 2027--2039
\TU/LibertinusSerif-Regular(1)/m/n/10.95 του Dremio σε εσωτερικές τιμές \TU/Fre
eMono(1)/m/n/10.95 atom \TU/LibertinusSerif-Regular(1)/m/n/10.95 — αν ο κωδικός
 δεν αναγνωρίζεται, επιστρέφει
 []

[41]
Overfull \hbox (27.03499pt too wide) in paragraph at lines 2075--2078
[]\TU/FreeMono(1)/m/n/10.95 EUETSEmissionsTradeFactor \TU/LibertinusSerif-Regul
ar(1)/m/n/10.95 — συντελεστές εκπομπών ανά διαδρομή/κατεύθυνση/τύπο
 []

[42]
Overfull \hbox (40.08566pt too wide) in paragraph at lines 2094--2098
[]\TU/LibertinusSerif-Regular(1)/m/n/10.95 Ο βαθμός εισαγωγής στο ETS (40%/70%/
100%) ενσωματώνεται στον \TU/FreeMono(1)/m/n/10.95 EUETSEmissionsTradeFactor\TU
/LibertinusSerif-Regular(1)/m/n/10.95 ,
 []


Underfull \hbox (badness 10000) in paragraph at lines 2110--2116
\TU/LibertinusSerif-Regular(1)/m/n/10.95 κατάσταση \TU/FreeMono(1)/m/n/10.95 is
Promoted\TU/LibertinusSerif-Regular(1)/m/n/10.95 , καταγράφοντας παράλληλα μετρ
ικά τηλεμετρίας μέσω
 []


Underfull \hbox (badness 2197) in paragraph at lines 2110--2116
\TU/FreeMono(1)/m/n/10.95 :telemetry.execute/3\TU/LibertinusSerif-Regular(1)/m/
n/10.95 . Αυτές οι μετρικές επιτρέπουν παρακολούθηση της αναλο-
 []

[43]
Overfull \hbox (104.52637pt too wide) in paragraph at lines 2156--2161
\TU/LibertinusSerif-Regular(1)/m/n/10.95 κατασκευάζει το report model. Κεντρική
 λειτουργία είναι η επεξεργασία των \TU/FreeMono(1)/m/n/10.95 ContainerMoveEmis
sionsSummary
 []


Overfull \hbox (7.5048pt too wide) in paragraph at lines 2162--2168
\TU/LibertinusSerif-Regular(1)/m/n/10.95 LiveView αναλαμβάνει αποκλειστικά pres
entation logic, ενώ το \TU/FreeMono(1)/m/n/10.95 BaselineEmissionsReport
 []

[44]
Underfull \vbox (badness 10000) has occurred while \output is active []

 [45]
[46

]
Underfull \vbox (badness 5460) has occurred while \output is active []

 [47]
Overfull \hbox (39.67848pt too wide) in paragraph at lines 2314--2314
[]\TU/FreeMono(1)/m/n/10.95 green_fuel_needed = (calorific_grey × grey_fuel_use
d) / calorific_green[] 
 []


Overfull \hbox (105.37845pt too wide) in paragraph at lines 2314--2314
[]\TU/FreeMono(1)/m/n/10.95 savings_ttw = (grey_fuel_used × grey_to_ttw) − (gre
en_fuel_needed × green_to_ttw)[] 
 []


Overfull \hbox (105.37845pt too wide) in paragraph at lines 2314--2314
[]\TU/FreeMono(1)/m/n/10.95 savings_wtw = (grey_fuel_used × grey_to_wtw) − (gre
en_fuel_needed × green_to_wtw)[] 
 []

[48]
Underfull \hbox (badness 1852) in paragraph at lines 2327--2333
\TU/LibertinusSerif-Regular(1)/m/n/10.95 ποιεί ένα \TU/LibertinusSerif-Regular(
1)/m/it/10.95 ποσοστό εξοικονόμησης εκπομπών \TU/LibertinusSerif-Regular(1)/m/n
/10.95 (\TU/FreeMono(1)/m/n/10.95 ttw_emissions_savings_percentage\TU/Libertinu
sSerif-Regular(1)/m/n/10.95 ,
 []


Overfull \hbox (190.78845pt too wide) in paragraph at lines 2338--2338
[]\TU/FreeMono(1)/m/n/10.95 ttw_savings = ttw_on_full_grey_fuel × ttw_emissions
_savings_percentage × green_fuel_percentage[] 
 []


Overfull \hbox (190.78845pt too wide) in paragraph at lines 2345--2345
[]\TU/FreeMono(1)/m/n/10.95 wtw_savings = wtw_on_full_grey_fuel × wtw_emissions
_savings_percentage × green_fuel_percentage[] 
 []

[49]
Overfull \hbox (52.81848pt too wide) in paragraph at lines 2375--2375
[]\TU/FreeMono(1)/m/n/10.95 Σωρευτικές καταθέσεις ≥ Σωρευτικές αναλήψεις (ανά λ
ογαριασμό και περίοδο)[] 
 []

[50]
Underfull \hbox (badness 1365) in paragraph at lines 2457--2468
\TU/FreeMono(1)/m/n/10.95 Command \TU/LibertinusSerif-Regular(1)/m/n/10.95 modu
le ορίζει το schema της εντολής ως embedded Ecto schema, εξακριβώ-
 []


Overfull \hbox (4.04462pt too wide) in paragraph at lines 2457--2468
\TU/FreeMono(1)/m/n/10.95 CommandHandler \TU/LibertinusSerif-Regular(1)/m/n/10.
95 από την άλλη, εφαρμόζει το behavior \TU/FreeMono(1)/m/n/10.95 Commanded.Comm
ands.Handler
 []


Overfull \hbox (25.26837pt too wide) in paragraph at lines 2475--2485
\TU/LibertinusSerif-Regular(1)/m/n/10.95 πίνακες \TU/FreeMono(1)/m/n/10.95 ener
gy_bank_projections.fuel_orders_2 \TU/LibertinusSerif-Regular(1)/m/n/10.95 και 
\TU/FreeMono(1)/m/n/10.95 fuel_order_deliveries_2\TU/LibertinusSerif-Regular(1)
/m/n/10.95 . 
 []

[51]
Underfull \hbox (badness 2126) in paragraph at lines 2486--2492
[]\TU/LibertinusSerif-Regular(1)/b/n/10.95 Αναλήψεις (Withdrawals)\TU/Libertinu
sSerif-Regular(1)/m/n/10.95 : κάθε φορά που ένα shipment κλείνει ως ECO product
, η
 []


Underfull \hbox (badness 2261) in paragraph at lines 2486--2492
\TU/LibertinusSerif-Regular(1)/m/n/10.95 και \TU/FreeMono(1)/m/n/10.95 recorded
_at\TU/LibertinusSerif-Regular(1)/m/n/10.95 , επιτρέποντας διαχωρισμό του χρονι
κού στιγμιότυπου της φυσικής
 []


Underfull \hbox (badness 3460) in paragraph at lines 2493--2500
\TU/LibertinusSerif-Regular(1)/m/n/10.95 Energy Bank υποστηρίζει πολλαπλούς λογ
αριασμούς εκκαθάρισης, οργανωμένους ανά
 []


Underfull \hbox (badness 5359) in paragraph at lines 2504--2509
[]\TU/LibertinusSerif-Regular(1)/m/n/10.95 Η αρχή της μη αρνητικής διαθέσιμης ε
νέργειας εφαρμόζεται ρητά στους command
 []


Underfull \hbox (badness 1028) in paragraph at lines 2504--2509
\TU/LibertinusSerif-Regular(1)/m/n/10.95 τηση \TU/FreeMono(1)/m/n/10.95 Withdra
wal.withdraw/2 \TU/LibertinusSerif-Regular(1)/m/n/10.95 επαληθεύει ότι το τρέχο
ν ισοζύγιο του λογαριασμού
 []

[52]
Underfull \hbox (badness 3815) in paragraph at lines 2555--2564
[]\TU/LibertinusSerif-Regular(1)/m/n/10.95 Η υλοποίηση αντιστοίχισης POS με φυσ
ικές παραδόσεις καυσίμου γίνεται μέσω του
 []


Underfull \hbox (badness 10000) in paragraph at lines 2555--2564
\TU/FreeMono(1)/m/n/10.95 EnergyBank.Projections.FuelOrdersProjector\TU/Liberti
nusSerif-Regular(1)/m/n/10.95 . Στο projection schema
 []


Underfull \hbox (badness 2181) in paragraph at lines 2555--2564
\TU/FreeMono(1)/m/n/10.95 FuelOrderDelivery \TU/LibertinusSerif-Regular(1)/m/n/
10.95 ορίζεται ένα \TU/FreeMono(1)/m/n/10.95 embeds_many :matched_pos \TU/Liber
tinusSerif-Regular(1)/m/n/10.95 που περιέχει τα
 []

[53]
Underfull \hbox (badness 1769) in paragraph at lines 2603--2606
[]\TU/LibertinusSerif-Regular(1)/b/n/10.95 Εξοικονόμηση \TU/LibertinusSerif-Reg
ular(1)/m/n/10.95 (\TU/LibertinusSerif-Regular(1)/m/it/10.95 savings\TU/Liberti
nusSerif-Regular(1)/m/n/10.95 ): εκφρασμένη ως απόλυτη ποσότητα (ECOv1) ή ποσοσ
τό
 []


Overfull \hbox (103.98245pt too wide) in paragraph at lines 2624--2629
\TU/LibertinusSerif-Regular(1)/m/n/10.95 είναι αποθηκευμένα στο σύστημα. Το mod
ule \TU/FreeMono(1)/m/n/10.95 Nrg.Ocean.Certificates.GenerateCertificateDocumen
t
 []


Overfull \hbox (160.17146pt too wide) in paragraph at lines 2643--2647
\TU/LibertinusSerif-Regular(1)/m/n/10.95 σίας αρχείου που επιτρέπει αναζήτηση κ
αι ανάκτηση: \TU/FreeMono(1)/m/n/10.95 {concern}_{year}_{template}_{certificate
_id}.pdf\TU/LibertinusSerif-Regular(1)/m/n/10.95 . 
 []


Overfull \hbox (40.42229pt too wide) in paragraph at lines 2649--2655
[]\TU/LibertinusSerif-Regular(1)/m/n/10.95 Η ανάκτηση γίνεται μέσω του module \
TU/FreeMono(1)/m/n/10.95 Nrg.Ocean.Certificates.GetCertificateDocument\TU/Liber
tinusSerif-Regular(1)/m/n/10.95 ,
 []


Underfull \hbox (badness 10000) in paragraph at lines 2649--2655
\TU/LibertinusSerif-Regular(1)/m/n/10.95 controller \TU/FreeMono(1)/m/n/10.95 l
ib/nrg_web/controllers/ocean/certificates_controller.ex
 []

[54]
Overfull \hbox (20.82729pt too wide) in paragraph at lines 2673--2680
[]\TU/LibertinusSerif-Regular(1)/m/n/10.95 Η επανέκδοση εκτελείται ασύγχρονα μέ
σω Oban worker. Το module \TU/FreeMono(1)/m/n/10.95 Nrg.Ocean.Certificates
 []

[55]
Overfull \hbox (3.69423pt too wide) in paragraph at lines 2741--2749
[]\TU/LibertinusSerif-Regular(1)/m/n/10.95 Για ιστορικό παρακολούθησης, η πλατφ
όρμα παρέχει τη \TU/FreeMono(1)/m/n/10.95 GetCertificateHistoryReport
 []


Underfull \hbox (badness 1622) in paragraph at lines 2741--2749
\TU/LibertinusSerif-Regular(1)/m/n/10.95 δόσεις με ημερομηνία και αιτιολόγηση, 
ακυρώσεις και ποσοστιαία μεταβολή εκπομπών
 []


Underfull \hbox (badness 3229) in paragraph at lines 2741--2749
\TU/LibertinusSerif-Regular(1)/m/n/10.95 σε κάθε αναθεώρηση. Η συνάρτηση \TU/Fr
eeMono(1)/m/n/10.95 append_latest_changes_variation/1 \TU/LibertinusSerif-Regul
ar(1)/m/n/10.95 του
 []


Underfull \hbox (badness 1748) in paragraph at lines 2753--2760
\TU/LibertinusSerif-Regular(1)/m/n/10.95 να αντικατοπτρίζει με ακρίβεια το πραγ
ματικό κόστος της Maersk για την προμήθεια
 []


Underfull \vbox (badness 10000) has occurred while \output is active []

 [56]
[57]
Underfull \vbox (badness 10000) has occurred while \output is active []

 [58]
Underfull \vbox (badness 10000) has occurred while \output is active []

 [59

]
Underfull \vbox (badness 3428) has occurred while \output is active []

 [60]
Underfull \hbox (badness 2818) in paragraph at lines 2953--2959
[]\TU/LibertinusSerif-Regular(1)/m/n/10.95 Τα κεντρικά σχήματα δεδομένων (\TU/L
ibertinusSerif-Regular(1)/m/it/10.95 schemas\TU/LibertinusSerif-Regular(1)/m/n/
10.95 ) που διαχειρίζεται το BoW περιλαμβάνουν:
 []


Underfull \hbox (badness 1490) in paragraph at lines 2953--2959
\TU/LibertinusSerif-Regular(1)/m/n/10.95 ανεφοδιασμού ανά πλοίο), \TU/FreeMono(
1)/m/n/10.95 port_calls \TU/LibertinusSerif-Regular(1)/m/n/10.95 (κλήσεις λιμαν
ιών με ETA/ETD), \TU/FreeMono(1)/m/n/10.95 schedules
 []


Underfull \hbox (badness 1281) in paragraph at lines 2971--2979
[]\TU/LibertinusSerif-Regular(1)/b/n/10.95 Επεξεργασία εισόδων\TU/LibertinusSer
if-Regular(1)/m/n/10.95 : Ο χειριστής μπορεί να τροποποιήσει τιμές καυσίμου ανά

 []


Underfull \hbox (badness 1629) in paragraph at lines 2971--2979
\TU/FreeMono(1)/m/n/10.95 fpms_bp_operator_port_inputs \TU/LibertinusSerif-Regu
lar(1)/m/n/10.95 και αποστέλλονται στο Shiptech μέσω της
 []


Underfull \vbox (badness 4108) has occurred while \output is active []

 [61]
[62]
Underfull \vbox (badness 1237) has occurred while \output is active []

 [63]
Underfull \hbox (badness 4518) in paragraph at lines 3111--3121
[]\TU/LibertinusSerif-Regular(1)/m/n/10.95 Εν συνεχεία, τα μηνύματα εξόδου του 
solver φτάνουν ως \TU/FreeMono(1)/m/n/10.95 handle_info({_port,
 []

[64] [65]
Underfull \hbox (badness 4366) in paragraph at lines 3232--3239
\TU/LibertinusSerif-Regular(1)/m/n/10.95 χειριστή· υπάρχει και αυτόματος χρονοπ
ρογραμματισμός που εξασφαλίζει την περιο-
 []


Underfull \hbox (badness 1596) in paragraph at lines 3232--3239
\TU/LibertinusSerif-Regular(1)/m/n/10.95 δική ανανέωση των bunker plans, ώστε ν
α αντικατοπτρίζουν πάντα τα πιο πρόσφατα
 []


Underfull \hbox (badness 2103) in paragraph at lines 3232--3239
\TU/LibertinusSerif-Regular(1)/m/n/10.95 δεδομένα τιμών καυσίμου, διαθεσιμότητα
ς και τηλεμετρίας. Η υλοποίηση γίνεται μέσω
 []


Underfull \hbox (badness 1675) in paragraph at lines 3232--3239
\TU/LibertinusSerif-Regular(1)/m/n/10.95 του \TU/FreeMono(1)/m/n/10.95 Bops.Ves
sels.PlanRunEnqueuer\TU/LibertinusSerif-Regular(1)/m/n/10.95 , ενός \TU/FreeMon
o(1)/m/n/10.95 GenServer \TU/LibertinusSerif-Regular(1)/m/n/10.95 που λειτουργε
ί ως αυτο-
 []

[66]

! Package polyglossia Error: The current main monospace font, FreeMono
(polyglossia)                Oblique, does not contain the "Greek" script!
(polyglossia)                Please define \greekfonttt with \newfontfamily
(polyglossia)                command

Type <return> to continue.
 ...                                              
                                                  
l.3268 αποσπάσματα)}
                    

LaTeX does not know anything more about this error, sorry.

Try typing <return> to proceed.
If that doesn't work, type X <return> to quit.


[67]
Underfull \vbox (badness 10000) has occurred while \output is active []

 [68]
Underfull \vbox (badness 3078) has occurred while \output is active []

 [69

]
Underfull \hbox (badness 2460) in paragraph at lines 3439--3445
\TU/LibertinusSerif-Regular(1)/m/n/10.95 Controller/LiveView → Template) και πλ
ούσια εργαλεία γραμμής εντολών (\TU/LibertinusSerif-Regular(1)/m/it/10.95 gener
ators\TU/LibertinusSerif-Regular(1)/m/n/10.95 ).
 []

[70] [71]
Underfull \hbox (badness 1048) in paragraph at lines 3518--3524
\TU/LibertinusSerif-Regular(1)/m/n/10.95 LiveView process. Το \TU/FreeMono(1)/m
/n/10.95 handle_event/3 \TU/LibertinusSerif-Regular(1)/m/n/10.95 ανταποκρίνεται
 σε γεγονότα από τον browser
 []

[72]
Underfull \hbox (badness 1424) in paragraph at lines 3573--3580
\TU/FreeMono(1)/m/n/10.95 virtual \TU/LibertinusSerif-Regular(1)/m/n/10.95 πεδί
α (\TU/FreeMono(1)/m/n/10.95 port_of_receipt_location\TU/LibertinusSerif-Regula
r(1)/m/n/10.95 , \TU/FreeMono(1)/m/n/10.95 port_of_discharge_location\TU/Libert
inusSerif-Regular(1)/m/n/10.95 )
 []


! Package polyglossia Error: The current main monospace font, FreeMono Bold,
(polyglossia)                does not contain the "Greek" script!
(polyglossia)                Please define \greekfonttt with \newfontfamily
(polyglossia)                command

Type <return> to continue.
 ...                                              
                                                  
l.3599 ...εί τη βιβλιοθήκη \textbf{\texttt{:brod}}
                                                   --- τον

LaTeX does not know anything more about this error, sorry.

Try typing <return> to proceed.
If that doesn't work, type X <return> to quit.


[73] [74]
Overfull \hbox (30.42319pt too wide) in paragraph at lines 3659--3663
[]\TU/LibertinusSerif-Regular(1)/b/n/10.95 Azure Logic Apps\TU/LibertinusSerif-
Regular(1)/m/n/10.95 : ορχήστρωση ροών εργασίας στο BOPS (8 Logic Apps: \TU/Fre
eMono(1)/m/n/10.95 activate_vessel\TU/LibertinusSerif-Regular(1)/m/n/10.95 ,
 []


! Package polyglossia Error: The current main monospace font, FreeMono Bold,
(polyglossia)                does not contain the "Greek" script!
(polyglossia)                Please define \greekfonttt with \newfontfamily
(polyglossia)                command

Type <return> to continue.
 ...                                              
                                                  
l.3693 \textbf{\texttt{k8s}}
                            : ένα Nix-based wrapper πάνω από \texttt{kubectl}

LaTeX does not know anything more about this error, sorry.

Try typing <return> to proceed.
If that doesn't work, type X <return> to quit.


[75]
Underfull \hbox (badness 3291) in paragraph at lines 3749--3755
[]\TU/LibertinusSerif-Regular(1)/m/n/10.95 Ο ορισμός δείχνει τη σύνθεση (\TU/Li
bertinusSerif-Regular(1)/m/it/10.95 composability\TU/LibertinusSerif-Regular(1)
/m/n/10.95 ) του Nix: η εφαρμογή \TU/FreeMono(1)/m/n/10.95 nrg \TU/LibertinusSe
rif-Regular(1)/m/n/10.95 δημιουργεί-
 []


Underfull \hbox (badness 1946) in paragraph at lines 3749--3755
\TU/LibertinusSerif-Regular(1)/m/n/10.95 ται ως πακέτο μέσω \TU/FreeMono(1)/m/n
/10.95 callPackage\TU/LibertinusSerif-Regular(1)/m/n/10.95 , ενσωματώνεται σε D
ocker container image μέσω
 []


Underfull \hbox (badness 1383) in paragraph at lines 3764--3770
[]\TU/LibertinusSerif-Regular(1)/m/n/10.95 Η ομάδα χρησιμοποιεί το \TU/Libertin
usSerif-Regular(1)/b/n/10.95 GitHub Actions \TU/LibertinusSerif-Regular(1)/m/n/
10.95 ως σύστημα συνεχούς ολοκλήρωσης (\TU/LibertinusSerif-Regular(1)/m/it/10.9
5 CI —
 []

[76] [77] [78]
Underfull \hbox (badness 4060) in paragraph at lines 3889--3895
[]\TU/LibertinusSerif-Regular(1)/m/n/10.95 Το \TU/LibertinusSerif-Regular(1)/b/
n/10.95 Commanded \TU/LibertinusSerif-Regular(1)/m/n/10.95 είναι βιβλιοθήκη υλο
ποίησης \TU/LibertinusSerif-Regular(1)/b/n/10.95 CQRS \TU/LibertinusSerif-Regul
ar(1)/m/n/10.95 (\TU/LibertinusSerif-Regular(1)/m/it/10.95 Command Query Respon
sibility
 []


Underfull \hbox (badness 1552) in paragraph at lines 3889--3895
\TU/LibertinusSerif-Regular(1)/m/it/10.95 Segregation\TU/LibertinusSerif-Regula
r(1)/m/n/10.95 ) και \TU/LibertinusSerif-Regular(1)/b/n/10.95 event sourcing \T
U/LibertinusSerif-Regular(1)/m/n/10.95 στην Elixir. Παρέχει τα δομικά στοιχεία:
 \TU/FreeMono(1)/m/n/10.95 Aggregate
 []


Overfull \hbox (45.97488pt too wide) in paragraph at lines 3896--3901
[]\TU/LibertinusSerif-Regular(1)/m/n/10.95 Το backend αποθήκευσης events είναι 
το \TU/LibertinusSerif-Regular(1)/b/n/10.95 EventStore \TU/LibertinusSerif-Regu
lar(1)/m/n/10.95 (μέσω του \TU/FreeMono(1)/m/n/10.95 commanded_eventstore_adapt
er\TU/LibertinusSerif-Regular(1)/m/n/10.95 ),
 []


Underfull \hbox (badness 3209) in paragraph at lines 3928--3932
[]\TU/LibertinusSerif-Regular(1)/b/n/10.95 Workspace\TU/LibertinusSerif-Regular
(1)/m/n/10.95 : εργαλείο διαχείρισης Elixir monorepo — ορίζει DAG εξαρτήσεων με
ταξύ
 []

[79]
Underfull \vbox (badness 10000) has occurred while \output is active []

 [80]
File: ./system_overview_diagram.png Graphic file (type bmp)
<./system_overview_diagram.png>

Underfull \hbox (badness 10000) in paragraph at lines 3979--3986
[]\TU/LibertinusSerif-Regular(1)/m/n/10.95 Η λογική άποψη του συστήματος διακρί
νει πέντε βασικά συστατικά (\TU/LibertinusSerif-Regular(1)/m/it/10.95 component
s\TU/LibertinusSerif-Regular(1)/m/n/10.95 ):
 []


Underfull \hbox (badness 5245) in paragraph at lines 3979--3986
\TU/LibertinusSerif-Regular(1)/m/n/10.95 το \TU/FreeMono(1)/m/n/10.95 emissions
_workbench \TU/LibertinusSerif-Regular(1)/m/n/10.95 ως κεντρικό domain componen
t, το \TU/FreeMono(1)/m/n/10.95 bunker/bow \TU/LibertinusSerif-Regular(1)/m/n/1
0.95 και
 []


Underfull \hbox (badness 6758) in paragraph at lines 3979--3986
\TU/LibertinusSerif-Regular(1)/m/n/10.95 το \TU/FreeMono(1)/m/n/10.95 bunker/ap
i \TU/LibertinusSerif-Regular(1)/m/n/10.95 για τη βελτιστοποίηση ανεφοδιασμού, 
καθώς και τα \TU/FreeMono(1)/m/n/10.95 ocean \TU/LibertinusSerif-Regular(1)/m/n
/10.95 και
 []


Underfull \hbox (badness 5331) in paragraph at lines 3979--3986
\TU/FreeMono(1)/m/n/10.95 eco_products \TU/LibertinusSerif-Regular(1)/m/n/10.95
 ως εξειδικευμένα, αυτόνομα components. Όλα συνυπάρχουν σε ένα
 []


Underfull \hbox (badness 2884) in paragraph at lines 3979--3986
\TU/LibertinusSerif-Regular(1)/m/n/10.95 μονο-αποθετήριο (\TU/LibertinusSerif-R
egular(1)/m/it/10.95 monorepo\TU/LibertinusSerif-Regular(1)/m/n/10.95 ) που δια
χειρίζεται την κοινή υποδομή, τη δοκιμή και την
 []


Underfull \vbox (badness 10000) has occurred while \output is active []

 [81

]
[82]
Underfull \hbox (badness 1348) in paragraph at lines 4093--4096
[]\TU/FreeMono(1)/m/n/10.95 emissions_workbench\TU/LibertinusSerif-Regular(1)/m
/n/10.95 : Ο κεντρικός κόμβος — Ocean Emissions, ECO Product
 []

[83]
Overfull \hbox (72.25977pt too wide) in alignment at lines 4143--4153
 [] [] [] 
 []


Overfull \hbox (72.25977pt too wide) in alignment at lines 4153--4155
 [] [] [] 
 []


Package longtable Warning: Column widths have changed
(longtable)                in longtable 0 on input line 4167.


ignored: Infinite glue shrinkage found in box being split [84]
Underfull \vbox (badness 10000) has occurred while \output is active []

 [85]
[86] [87]
Underfull \hbox (badness 1158) in paragraph at lines 4334--4342
[]\TU/LibertinusSerif-Regular(1)/m/n/10.95 Η αρχιτεκτονική αυτή επιτρέπει run-t
ime ενεργοποίηση ή απενεργοποίηση κάθε worker
 []


Underfull \hbox (badness 2443) in paragraph at lines 4352--4355
[]\TU/LibertinusSerif-Regular(1)/b/n/10.95 Eco Delivery\TU/LibertinusSerif-Regu
lar(1)/m/n/10.95 : Παρακολούθηση ECO product allocations, έκδοση πιστοποιητικών
,
 []


Overfull \hbox (42.65619pt too wide) in paragraph at lines 4365--4370
[]\TU/LibertinusSerif-Regular(1)/m/n/10.95 Τα LiveView modules ακολουθούν το Hu
mble Object pattern: η παρουσίαση (mount/handle_event/render)
 []

[88]
Underfull \hbox (badness 10000) in paragraph at lines 4407--4414
\TU/FreeMono(1)/m/n/10.95 with_authenticated_request(ctx, roles: ~ROLES(admin))
\TU/LibertinusSerif-Regular(1)/m/n/10.95 , παρέχοντας
 []

[89]
Underfull \hbox (badness 1178) in paragraph at lines 4461--4470
[]\TU/LibertinusSerif-Regular(1)/m/n/10.95 Η στρατηγική δημιουργίας αντιγράφων 
ασφαλείας (\TU/LibertinusSerif-Regular(1)/m/it/10.95 backup strategy\TU/Liberti
nusSerif-Regular(1)/m/n/10.95 ) αξιοποιεί το Azure
 []


Underfull \hbox (badness 1789) in paragraph at lines 4461--4470
\TU/LibertinusSerif-Regular(1)/m/n/10.95 τα αυτοματοποιημένα εβδομαδιαία τεστ α
ποκατάστασης: ένα GitHub Actions workflow
 []


Underfull \hbox (badness 1571) in paragraph at lines 4461--4470
\TU/LibertinusSerif-Regular(1)/m/n/10.95 (\TU/FreeMono(1)/m/n/10.95 db-restore-
from-backup.yml\TU/LibertinusSerif-Regular(1)/m/n/10.95 ) εκτελείται κάθε Παρασ
κευή, αποκαθιστά τη βάση
 []


Underfull \vbox (badness 10000) has occurred while \output is active []

 [90]
[91]
Underfull \hbox (badness 10000) in paragraph at lines 4555--4558
[]\TU/LibertinusSerif-Regular(1)/b/n/10.95 Λήμμα 9.9.1: \TU/FreeMono(1)/m/n/10.
95 EnergyBank.Application.Transactions.WithdrawEnergy \TU/LibertinusSerif-Regul
ar(1)/m/n/10.95 —
 []


Underfull \hbox (badness 2080) in paragraph at lines 4566--4573
[]\TU/LibertinusSerif-Regular(1)/m/n/10.95 Ένα ιδιαίτερο χαρακτηριστικό του eve
nt sourcing είναι η δυνατότητα \TU/LibertinusSerif-Regular(1)/m/it/10.95 re-pro
jection\TU/LibertinusSerif-Regular(1)/m/n/10.95 : σε
 []

[92] [93]
Overfull \hbox (38.05434pt too wide) in paragraph at lines 4679--4688
\TU/LibertinusSerif-Regular(1)/m/n/10.95 μείο του συστήματος εκπέμπει named eve
nts (πχ \TU/FreeMono(1)/m/n/10.95 [:nrg, :ocean, :emissions_calculation,
 []


Underfull \hbox (badness 7047) in paragraph at lines 4679--4688
\TU/LibertinusSerif-Regular(1)/m/n/10.95 Ecto και Oban telemetry events, δημιου
ργώντας Prometheus metrics χωρίς χειροκί-
 []


Underfull \hbox (badness 3668) in paragraph at lines 4679--4688
\TU/LibertinusSerif-Regular(1)/m/n/10.95 νητο instrumentation. Για custom busin
ess metrics (πχ \TU/FreeMono(1)/m/n/10.95 nrg_etw_requests_count\TU/LibertinusS
erif-Regular(1)/m/n/10.95 ,
 []

[94]
Underfull \hbox (badness 2837) in paragraph at lines 4713--4716
[]\TU/LibertinusSerif-Regular(1)/b/n/10.95 3 web server replicas\TU/LibertinusS
erif-Regular(1)/m/n/10.95 : εξυπηρέτηση HTTP/WebSocket traffic, Phoenix LiveVie
w
 []


Underfull \hbox (badness 1231) in paragraph at lines 4759--4764
[]\TU/LibertinusSerif-Regular(1)/b/n/10.95 Υποδομή ως κώδικας μέσω Terraform: \
TU/LibertinusSerif-Regular(1)/m/n/10.95 Ολόκληρη η υποδομή Azure (databases, AK
S
 []

[95]
Underfull \hbox (badness 3417) in paragraph at lines 4772--4777
\TU/LibertinusSerif-Regular(1)/m/n/10.95 Η αποκατάσταση χρησιμοποιεί \TU/Libert
inusSerif-Regular(1)/m/it/10.95 Point-In-Time Recovery (PITR) \TU/LibertinusSer
if-Regular(1)/m/n/10.95 της Azure, επιτρέποντας
 []


Underfull \hbox (badness 1708) in paragraph at lines 4787--4789
[]\TU/LibertinusSerif-Regular(1)/b/n/10.95 RPO (Recovery Point Objective): \TU/
LibertinusSerif-Regular(1)/m/n/10.95 Ελάχιστη απώλεια δεδομένων λόγω PITR και
 []


Underfull \vbox (badness 10000) has occurred while \output is active []

 [96]
Underfull \hbox (badness 2538) in paragraph at lines 4831--4839
[]\TU/LibertinusSerif-Regular(1)/m/n/10.95 Το Extreme Programming (XP) διατυπώθ
ηκε από τον Kent Beck στο βιβλίο “Extreme
 []

[97

] [98]
Underfull \vbox (badness 10000) has occurred while \output is active []

 [99]
[100] [101] [102]
Underfull \hbox (badness 1242) in paragraph at lines 5169--5173
[]\TU/LibertinusSerif-Regular(1)/m/n/10.95 Για τη βελτίωση της ταχύτητας, το CI
 αξιοποιεί affected workspace detection: μόνο τα
 []


Underfull \hbox (badness 1371) in paragraph at lines 5169--5173
\TU/LibertinusSerif-Regular(1)/m/n/10.95 components που έχουν αλλάξει (ή εξαρτώ
νται από αυτά που άλλαξαν) επαναχτίζονται
 []

[103]
Underfull \vbox (badness 10000) has occurred while \output is active []

 [104]
File: ./Extreme_Programming_Loops.png Graphic file (type bmp)
<./Extreme_Programming_Loops.png>

Underfull \vbox (badness 10000) has occurred while \output is active []

 [105]
Underfull \vbox (badness 10000) has occurred while \output is active []

 [106]
Underfull \hbox (badness 2478) in paragraph at lines 5374--5380
\TU/LibertinusSerif-Regular(1)/m/n/10.95 Requests: ένας προγραμματιστής γράφει 
κώδικα, ανοίγει PR, και ένας ή περισσότεροι
 []

[107] [108]
Underfull \vbox (badness 10000) has occurred while \output is active []

 [109

]
[110] [111]
Underfull \vbox (badness 10000) has occurred while \output is active []

 [112]
[113

]
Underfull \vbox (badness 10000) has occurred while \output is active []

 [114]
Underfull \vbox (badness 10000) has occurred while \output is active []

 [115]
Underfull \vbox (badness 10000) has occurred while \output is active []

 [116]
Underfull \hbox (badness 5533) in paragraph at lines 5812--5817
\TU/LibertinusSerif-Regular(1)/m/it/10.95 and Reporting Standard \TU/Libertinus
Serif-Regular(1)/m/n/10.95 (Revised Edition). Washington, DC / Geneva. Διαθέσιμ
ο στο
 []


Underfull \hbox (badness 2111) in paragraph at lines 5829--5834
\TU/LibertinusSerif-Regular(1)/m/n/10.95 Freight Centre. Διαθέσιμο στο https://
www.smartfreightcentre.org/en/our-programs/global-
 []


Underfull \hbox (badness 4366) in paragraph at lines 5840--5843
\TU/LibertinusSerif-Regular(1)/m/n/10.95 (System Document 203, Version 4.0). Co
logne: ISCC. Διαθέσιμο στο https://www.iscc-
 []


Underfull \hbox (badness 2961) in paragraph at lines 5849--5853
\TU/LibertinusSerif-Regular(1)/m/it/10.95 Standard Criteria \TU/LibertinusSerif
-Regular(1)/m/n/10.95 (Version 1.2) και \TU/LibertinusSerif-Regular(1)/m/it/10.
95 Maritime Transport Sector Decarbonization Approach\TU/LibertinusSerif-Regula
r(1)/m/n/10.95 .
 []


Underfull \vbox (badness 10000) has occurred while \output is active []

 [117

]
Underfull \hbox (badness 3386) in paragraph at lines 5854--5857
[]\TU/LibertinusSerif-Regular(1)/m/n/10.95 [UNFCCC, 2012] — United Nations Fram
ework Convention on Climate Change. \TU/LibertinusSerif-Regular(1)/m/it/10.95 D
oha
 []


Underfull \hbox (badness 10000) in paragraph at lines 5854--5857
\TU/LibertinusSerif-Regular(1)/m/it/10.95 Amendment to the Kyoto Protocol\TU/Li
bertinusSerif-Regular(1)/m/n/10.95 . Διαθέσιμο στο https://unfccc.int/process/t
he-kyoto-
 []


Overfull \hbox (34.48553pt too wide) in paragraph at lines 5861--5864
\TU/LibertinusSerif-Regular(1)/m/it/10.95 Study 2020\TU/LibertinusSerif-Regular
(1)/m/n/10.95 . London: IMO. Διαθέσιμο στο https://www.imo.org/en/OurWork/Envir
onment/Pages/Fourth-
 []


Underfull \hbox (badness 1997) in paragraph at lines 5865--5868
[]\TU/LibertinusSerif-Regular(1)/m/n/10.95 [MARPOL Annex VI, 2008] — Internatio
nal Maritime Organization. \TU/LibertinusSerif-Regular(1)/m/it/10.95 MARPOL Ann
ex VI:
 []


Underfull \hbox (badness 1953) in paragraph at lines 5869--5873
\TU/LibertinusSerif-Regular(1)/m/it/10.95 of GHG Emissions from Ships\TU/Libert
inusSerif-Regular(1)/m/n/10.95 . Resolution MEPC.377(80). Marine Environment Pr
otection
 []


Underfull \hbox (badness 1565) in paragraph at lines 5877--5882
[]\TU/LibertinusSerif-Regular(1)/m/n/10.95 [CSRD, 2022] — Ευρωπαϊκή Ένωση. \TU/
LibertinusSerif-Regular(1)/m/it/10.95 Οδηγία (ΕΕ) 2022/2464 του Ευρωπαϊκού Κοιν
οβουλίου
 []


Underfull \hbox (badness 1910) in paragraph at lines 5877--5882
\TU/LibertinusSerif-Regular(1)/m/it/10.95 και του Συμβουλίου της 14ης Δεκεμβρίο
υ 2022 σχετικά με την υποβολή εκθέσεων βιωσιμό-
 []


Underfull \hbox (badness 1888) in paragraph at lines 5877--5882
\TU/LibertinusSerif-Regular(1)/m/it/10.95 τητας από τις εταιρείες\TU/Libertinus
Serif-Regular(1)/m/n/10.95 . \TU/LibertinusSerif-Regular(1)/m/it/10.95 Επίσημη 
Εφημερίδα της ΕΕ \TU/LibertinusSerif-Regular(1)/m/n/10.95 L 322/15. Διαθέσιμη σ
το https://eur-
 []

[118]
Underfull \hbox (badness 3219) in paragraph at lines 5912--5914
[]\TU/LibertinusSerif-Regular(1)/m/n/10.95 [Beck, 2002] — Beck, K. (2002). \TU/
LibertinusSerif-Regular(1)/m/it/10.95 Test-Driven Development: By Example\TU/Li
bertinusSerif-Regular(1)/m/n/10.95 . Addison-Wesley
 []

[119]
Overfull \hbox (3.47879pt too wide) in paragraph at lines 5963--5967
\TU/LibertinusSerif-Regular(1)/m/n/10.95 Copenhagen: A.P. Møller-Mærsk. Διαθέσι
μο στο https://www.maersk.com/sustainability/reports-
 []


Overfull \hbox (36.64279pt too wide) in paragraph at lines 5974--5976
[]\TU/LibertinusSerif-Regular(1)/m/n/10.95 [Oban, 2024] — Sorentwo. \TU/Liberti
nusSerif-Regular(1)/m/it/10.95 Oban — Robust job processing in Elixir\TU/Libert
inusSerif-Regular(1)/m/n/10.95 . Διαθέσιμο στο https://hexdocs.pm/oban/. 
 []


Overfull \hbox (94.06906pt too wide) in paragraph at lines 5981--5985
\TU/LibertinusSerif-Regular(1)/m/n/10.95 και \TU/LibertinusSerif-Regular(1)/m/i
t/10.95 LiveView Documentation\TU/LibertinusSerif-Regular(1)/m/n/10.95 . Διαθέσ
ιμα στο https://hexdocs.pm/phoenix/ και https://hexdocs.pm/phoenix_live_view/. 

 []


Overfull \hbox (113.39851pt too wide) in paragraph at lines 5990--5992
[]\TU/LibertinusSerif-Regular(1)/m/n/10.95 [Terraform, 2024] — HashiCorp. \TU/L
ibertinusSerif-Regular(1)/m/it/10.95 Terraform Documentation\TU/LibertinusSerif
-Regular(1)/m/n/10.95 . Διαθέσιμο στο https://developer.hashicorp.com/terraform
/docs. 
 []

)
Underfull \hbox (badness 1442) in paragraph at lines 6000--163
[]\TU/LibertinusSerif-Regular(1)/m/n/10.95 Σχήμα 2 (Κεφ. 10.6). — \TU/Libertinu
sSerif-Regular(1)/m/it/10.95 Extreme Programming Feedback Loops\TU/LibertinusSe
rif-Regular(1)/m/n/10.95 . Don Wells — προσωπικό
 []


Underfull \hbox (badness 4859) in paragraph at lines 6000--163
\TU/LibertinusSerif-Regular(1)/m/n/10.95 έργο βάσει XP-feedback.gif. Άδεια Crea
tive Commons CC BY-SA 3.0. Διαθέσιμο στο
 []

[120]

Package longtable Warning: Table widths have changed. Rerun LaTeX.

[121

] (./main.aux (./front_matter/abstract.aux)
(./front_matter/acknowledgements.aux) (./front_matter/prologue.aux))
 ***********
LaTeX2e <2025-11-01>
L3 programming layer <2026-01-19>
 ***********
 ) 
Here is how much of TeX's memory you used:
 7491 strings out of 469692
 198302 string characters out of 5465141
 644091 words of memory out of 5000000
 35950 multiletter control sequences out of 15000+600000
 633945 words of font info for 127 fonts, out of 8000000 for 9000
 319 hyphenation exceptions out of 8191
 73i,13n,105p,680b,935s stack positions out of 10000i,1000n,20000p,200000b,200000s

Output written on main.pdf (145 pages).
