This is XeTeX, Version 3.141592653-2.6-0.999998 (TeX Live 2026) (preloaded format=xelatex 2026.5.4)  5 MAY 2026 12:06
entering extended mode
 restricted \write18 enabled.
 %&-line parsing enabled.
**/dev/stdin
(/dev/stdin
LaTeX2e <2025-11-01>
L3 programming layer <2026-01-19>
)
! Emergency stop.
<*> /dev/stdin
              
*** (job aborted, no legal \end found)

 
Here is how much of TeX's memory you used:
 14 strings out of 469692
 255 string characters out of 5465141
 426408 words of memory out of 5000000
 28749 multiletter control sequences out of 15000+600000
 627721 words of font info for 40 fonts, out of 8000000 for 9000
 319 hyphenation exceptions out of 8191
 11i,0n,13p,42b,8s stack positions out of 10000i,1000n,20000p,200000b,200000s
No pages of output.
